<?xml version="1.0" encoding="UTF-8"?>
<!-- Generated by org.testng.reporters.JUnitReportReporter -->
<testsuite hostname="DESKTOP-JFI584D" failures="0" tests="1" name="com.crm.organization.CreateNewOrganizatinTest" time="21.819" errors="0" timestamp="2022-04-07T18:12:29 IST" skipped="0">
  <testcase classname="com.crm.organization.CreateNewOrganizatinTest" name="createNewOrganizatinTest" time="21.819"/>
  <system-out>
    <![CDATA[Organization created successfully]]>
  </system-out>
</testsuite> <!-- com.crm.organization.CreateNewOrganizatinTest -->
