<?xml version="1.0" encoding="UTF-8"?>
<!-- Generated by org.testng.reporters.JUnitReportReporter -->
<testsuite hostname="DESKTOP-JFI584D" failures="0" tests="1" name="com.crm.testngpractice.PracticeTesttNG1" time="0.023" errors="0" timestamp="2022-04-05T15:22:20 IST" skipped="0">
  <testcase classname="com.crm.testngpractice.PracticeTesttNG1" name="method1" time="0.023"/>
  <system-out>
    <![CDATA[print Method 1 ]]>
  </system-out>
</testsuite> <!-- com.crm.testngpractice.PracticeTesttNG1 -->
