<?xml version="1.0" encoding="UTF-8"?>
<!-- Generated by org.testng.reporters.JUnitReportReporter -->
<testsuite hostname="DESKTOP-JFI584D" failures="0" tests="4" name="com.crm.testngpractice.PracticeTestNGParameter1" time="0.021" errors="0" timestamp="2022-04-06T14:51:41 IST" skipped="0">
  <testcase classname="com.crm.testngpractice.PracticeTestNGParameter1" name="Dtest" time="0.002"/>
  <system-out>
    <![CDATA[Dtest]]>
  </system-out>
  <testcase classname="com.crm.testngpractice.PracticeTestNGParameter1" name="Btest" time="0.002"/>
  <system-out>
    <![CDATA[Btest]]>
  </system-out>
  <testcase classname="com.crm.testngpractice.PracticeTestNGParameter1" name="Ctest" time="0.003"/>
  <system-out>
    <![CDATA[Ctest]]>
  </system-out>
  <testcase classname="com.crm.testngpractice.PracticeTestNGParameter1" name="Atest" time="0.014"/>
  <system-out>
    <![CDATA[Atest]]>
  </system-out>
</testsuite> <!-- com.crm.testngpractice.PracticeTestNGParameter1 -->
