<?xml version="1.0" encoding="UTF-8"?>
<!-- Generated by org.testng.reporters.JUnitReportReporter -->
<testsuite hostname="DESKTOP-JFI584D" failures="0" tests="20" name="com.crm.testngpractice.PracticeTestNgParametersTest" time="0.104" errors="0" timestamp="2022-04-06T13:06:35 IST" skipped="0">
  <testcase classname="com.crm.testngpractice.PracticeTestNgParametersTest" name="dataProviderTest" time="0.002"/>
  <system-out>
    <![CDATA[admin20====password20]]>
  </system-out>
  <testcase classname="com.crm.testngpractice.PracticeTestNgParametersTest" name="dataProviderTest" time="0.018"/>
  <system-out>
    <![CDATA[admin1====password1]]>
  </system-out>
  <testcase classname="com.crm.testngpractice.PracticeTestNgParametersTest" name="dataProviderTest" time="0.004"/>
  <system-out>
    <![CDATA[admin5====password5]]>
  </system-out>
  <testcase classname="com.crm.testngpractice.PracticeTestNgParametersTest" name="dataProviderTest" time="0.002"/>
  <system-out>
    <![CDATA[admin7====password7]]>
  </system-out>
  <testcase classname="com.crm.testngpractice.PracticeTestNgParametersTest" name="dataProviderTest" time="0.007"/>
  <system-out>
    <![CDATA[admin9====password9]]>
  </system-out>
  <testcase classname="com.crm.testngpractice.PracticeTestNgParametersTest" name="dataProviderTest" time="0.003"/>
  <system-out>
    <![CDATA[admin19====password19]]>
  </system-out>
  <testcase classname="com.crm.testngpractice.PracticeTestNgParametersTest" name="dataProviderTest" time="0.005"/>
  <system-out>
    <![CDATA[admin2====password2]]>
  </system-out>
  <testcase classname="com.crm.testngpractice.PracticeTestNgParametersTest" name="dataProviderTest" time="0.009"/>
  <system-out>
    <![CDATA[admin6====password6]]>
  </system-out>
  <testcase classname="com.crm.testngpractice.PracticeTestNgParametersTest" name="dataProviderTest" time="0.004"/>
  <system-out>
    <![CDATA[admin11====password11]]>
  </system-out>
  <testcase classname="com.crm.testngpractice.PracticeTestNgParametersTest" name="dataProviderTest" time="0.009"/>
  <system-out>
    <![CDATA[admin3====password3]]>
  </system-out>
  <testcase classname="com.crm.testngpractice.PracticeTestNgParametersTest" name="dataProviderTest" time="0.003"/>
  <system-out>
    <![CDATA[admin18====password18]]>
  </system-out>
  <testcase classname="com.crm.testngpractice.PracticeTestNgParametersTest" name="dataProviderTest" time="0.006"/>
  <system-out>
    <![CDATA[admin12====password12]]>
  </system-out>
  <testcase classname="com.crm.testngpractice.PracticeTestNgParametersTest" name="dataProviderTest" time="0.006"/>
  <system-out>
    <![CDATA[admin13====password13]]>
  </system-out>
  <testcase classname="com.crm.testngpractice.PracticeTestNgParametersTest" name="dataProviderTest" time="0.004"/>
  <system-out>
    <![CDATA[admin16====password16]]>
  </system-out>
  <testcase classname="com.crm.testngpractice.PracticeTestNgParametersTest" name="dataProviderTest" time="0.003"/>
  <system-out>
    <![CDATA[admin8====password8]]>
  </system-out>
  <testcase classname="com.crm.testngpractice.PracticeTestNgParametersTest" name="dataProviderTest" time="0.006"/>
  <system-out>
    <![CDATA[admin14====password14]]>
  </system-out>
  <testcase classname="com.crm.testngpractice.PracticeTestNgParametersTest" name="dataProviderTest" time="0.002"/>
  <system-out>
    <![CDATA[admin15====password15]]>
  </system-out>
  <testcase classname="com.crm.testngpractice.PracticeTestNgParametersTest" name="dataProviderTest" time="0.002"/>
  <system-out>
    <![CDATA[admin17====password17]]>
  </system-out>
  <testcase classname="com.crm.testngpractice.PracticeTestNgParametersTest" name="dataProviderTest" time="0.003"/>
  <system-out>
    <![CDATA[admin4====password4]]>
  </system-out>
  <testcase classname="com.crm.testngpractice.PracticeTestNgParametersTest" name="dataProviderTest" time="0.006"/>
  <system-out>
    <![CDATA[admin10====password10]]>
  </system-out>
</testsuite> <!-- com.crm.testngpractice.PracticeTestNgParametersTest -->
