<?xml version="1.0" encoding="UTF-8"?>
<!-- Generated by org.testng.reporters.JUnitReportReporter -->
<testsuite hostname="DESKTOP-JFI584D" failures="0" tests="4" name="com.crm.testngpractice.PracticeTestNGParameterEnableTest" time="0.027" errors="0" timestamp="2022-04-06T15:05:14 IST" skipped="1">
  <testcase classname="com.crm.testngpractice.PracticeTestNGParameterEnableTest" name="test3" time="0.008"/>
  <system-out>
    <![CDATA[test3]]>
  </system-out>
  <testcase classname="com.crm.testngpractice.PracticeTestNGParameterEnableTest" name="test1" time="0.015"/>
  <system-out>
    <![CDATA[test1]]>
  </system-out>
  <testcase classname="com.crm.testngpractice.PracticeTestNGParameterEnableTest" name="test4" time="0.004"/>
  <system-out>
    <![CDATA[test4]]>
  </system-out>
  <testcase classname="com.crm.testngpractice.PracticeTestNGParameterEnableTest" name="test2">
    <skipped/>
  </testcase> <!-- test2 -->
  <system-out/>
</testsuite> <!-- com.crm.testngpractice.PracticeTestNGParameterEnableTest -->
