<?xml version="1.0" encoding="UTF-8"?>
<!-- Generated by org.testng.reporters.JUnitReportReporter -->
<testsuite hostname="DESKTOP-JFI584D" failures="0" tests="7" name="com.crm.testngpractice.PracticeTestNGParametersInvocationCountTest" time="0.029" errors="0" timestamp="2022-04-06T15:01:24 IST" skipped="0">
  <testcase classname="com.crm.testngpractice.PracticeTestNGParametersInvocationCountTest" name="test4" time="0.002"/>
  <system-out>
    <![CDATA[test4]]>
  </system-out>
  <testcase classname="com.crm.testngpractice.PracticeTestNGParametersInvocationCountTest" name="test2" time="0.002"/>
  <system-out>
    <![CDATA[test2]]>
  </system-out>
  <testcase classname="com.crm.testngpractice.PracticeTestNGParametersInvocationCountTest" name="test2" time="0.003"/>
  <system-out>
    <![CDATA[test2]]>
  </system-out>
  <testcase classname="com.crm.testngpractice.PracticeTestNGParametersInvocationCountTest" name="test1" time="0.013"/>
  <system-out>
    <![CDATA[test1]]>
  </system-out>
  <testcase classname="com.crm.testngpractice.PracticeTestNGParametersInvocationCountTest" name="test2" time="0.002"/>
  <system-out>
    <![CDATA[test2]]>
  </system-out>
  <testcase classname="com.crm.testngpractice.PracticeTestNGParametersInvocationCountTest" name="test3" time="0.003"/>
  <system-out>
    <![CDATA[test3]]>
  </system-out>
  <testcase classname="com.crm.testngpractice.PracticeTestNGParametersInvocationCountTest" name="test2" time="0.004"/>
  <system-out>
    <![CDATA[test2]]>
  </system-out>
</testsuite> <!-- com.crm.testngpractice.PracticeTestNGParametersInvocationCountTest -->
