<?xml version="1.0" encoding="UTF-8"?>
<!-- Generated by org.testng.reporters.JUnitReportReporter -->
<testsuite hostname="DESKTOP-JFI584D" failures="0" tests="1" name="com.crm.practice.PracticeCreatingNewOrganizationTest" time="23.351" errors="0" timestamp="2022-04-06T10:44:00 IST" skipped="0">
  <testcase classname="com.crm.practice.PracticeCreatingNewOrganizationTest" name="practicecreateNewOrganizatinTest" time="23.351"/>
  <system-out>
    <![CDATA[Organization created successfully]]>
  </system-out>
</testsuite> <!-- com.crm.practice.PracticeCreatingNewOrganizationTest -->
