<?xml version="1.0" encoding="UTF-8"?>
<!-- Generated by org.testng.reporters.JUnitReportReporter -->
<testsuite hostname="DESKTOP-JFI584D" failures="0" tests="1" name="com.crm.testngpractice.PracticeTestNG2Test" time="0.002" errors="0" timestamp="2022-04-06T16:31:03 IST" skipped="0">
  <testcase classname="com.crm.testngpractice.PracticeTestNG2Test" name="test" time="0.002"/>
  <system-out>
    <![CDATA[from test ]]>
  </system-out>
</testsuite> <!-- com.crm.testngpractice.PracticeTestNG2Test -->
