<?xml version="1.0" encoding="UTF-8"?>
<!-- Generated by org.testng.reporters.JUnitReportReporter -->
<testsuite hostname="DESKTOP-JFI584D" failures="0" tests="1" name="com.crm.practice.PracticeCreateContactWithOrganizationTest" time="24.895" errors="0" timestamp="2022-04-07T11:24:45 IST" skipped="0">
  <testcase classname="com.crm.practice.PracticeCreateContactWithOrganizationTest" name="practiceCreateContactWithOrganizationTest" time="24.895"/>
  <system-out>
    <![CDATA[Pass :contact is created successfully 
Sdet13
Sdet13
Pass  :Organization  is created successfully ]]>
  </system-out>
</testsuite> <!-- com.crm.practice.PracticeCreateContactWithOrganizationTest -->
