<?xml version="1.0" encoding="UTF-8"?>
<!-- Generated by org.testng.reporters.JUnitReportReporter -->
<testsuite hostname="DESKTOP-JFI584D" failures="0" tests="4" name="com.crm.testngpractice.PracticeTestNGParameterPriorityTest" time="0.023" errors="0" timestamp="2022-04-06T15:07:09 IST" skipped="0">
  <testcase classname="com.crm.testngpractice.PracticeTestNGParameterPriorityTest" name="test1" time="0.016"/>
  <system-out>
    <![CDATA[test1]]>
  </system-out>
  <testcase classname="com.crm.testngpractice.PracticeTestNGParameterPriorityTest" name="test2" time="0.003"/>
  <system-out>
    <![CDATA[test2]]>
  </system-out>
  <testcase classname="com.crm.testngpractice.PracticeTestNGParameterPriorityTest" name="test4" time="0.003"/>
  <system-out>
    <![CDATA[test4]]>
  </system-out>
  <testcase classname="com.crm.testngpractice.PracticeTestNGParameterPriorityTest" name="test3" time="0.001"/>
  <system-out>
    <![CDATA[test3]]>
  </system-out>
</testsuite> <!-- com.crm.testngpractice.PracticeTestNGParameterPriorityTest -->
