<?xml version="1.0" encoding="UTF-8"?>
<!-- Generated by org.testng.reporters.JUnitReportReporter -->
<testsuite skipped="0" hostname="DESKTOP-JFI584D" name="com.crm.testngpractice.PracticeTestNG2Test" tests="1" failures="0" timestamp="12 Apr 2022 07:44:01 GMT" time="0.007" errors="0">
  <testcase name="test" time="0.007" classname="com.crm.testngpractice.PracticeTestNG2Test"/>
</testsuite> <!-- com.crm.testngpractice.PracticeTestNG2Test -->
