<?xml version="1.0" encoding="UTF-8"?>
<!-- Generated by org.testng.reporters.JUnitReportReporter -->
<testsuite skipped="1" hostname="DESKTOP-JFI584D" name="com.crm.testngpractice.PracticeTestNGParameterEnableTest" tests="4" failures="0" timestamp="12 Apr 2022 07:44:01 GMT" time="0.000" errors="0">
  <testcase name="test3" time="0.000" classname="com.crm.testngpractice.PracticeTestNGParameterEnableTest"/>
  <testcase name="test4" time="0.000" classname="com.crm.testngpractice.PracticeTestNGParameterEnableTest"/>
  <testcase name="test1" time="0.000" classname="com.crm.testngpractice.PracticeTestNGParameterEnableTest"/>
  <testcase name="test2" classname="com.crm.testngpractice.PracticeTestNGParameterEnableTest">
    <skipped/>
  </testcase> <!-- test2 -->
</testsuite> <!-- com.crm.testngpractice.PracticeTestNGParameterEnableTest -->
