<?xml version="1.0" encoding="UTF-8"?>
<!-- Generated by org.testng.reporters.JUnitReportReporter -->
<testsuite skipped="0" hostname="DESKTOP-JFI584D" name="com.crm.organization.CreateNewOrganizatinTest" tests="1" failures="0" timestamp="12 Apr 2022 12:06:35 GMT" time="23.524" errors="0">
  <testcase name="createNewOrganizatinTest" time="23.524" classname="com.crm.organization.CreateNewOrganizatinTest"/>
</testsuite> <!-- com.crm.organization.CreateNewOrganizatinTest -->
