<?xml version="1.0" encoding="UTF-8"?>
<!-- Generated by org.testng.reporters.JUnitReportReporter -->
<testsuite skipped="0" hostname="DESKTOP-JFI584D" name="com.crm.testngpractice.PracticeDataProviderTestNgReadingMultipleDataExcelSimultaneouslyTest" tests="20" failures="0" timestamp="12 Apr 2022 07:44:01 GMT" time="0.018" errors="0">
  <testcase name="dataProviderTest" time="0.000" classname="com.crm.testngpractice.PracticeDataProviderTestNgReadingMultipleDataExcelSimultaneouslyTest"/>
  <testcase name="dataProviderTest" time="0.000" classname="com.crm.testngpractice.PracticeDataProviderTestNgReadingMultipleDataExcelSimultaneouslyTest"/>
  <testcase name="dataProviderTest" time="0.001" classname="com.crm.testngpractice.PracticeDataProviderTestNgReadingMultipleDataExcelSimultaneouslyTest"/>
  <testcase name="dataProviderTest" time="0.000" classname="com.crm.testngpractice.PracticeDataProviderTestNgReadingMultipleDataExcelSimultaneouslyTest"/>
  <testcase name="dataProviderTest" time="0.001" classname="com.crm.testngpractice.PracticeDataProviderTestNgReadingMultipleDataExcelSimultaneouslyTest"/>
  <testcase name="dataProviderTest" time="0.002" classname="com.crm.testngpractice.PracticeDataProviderTestNgReadingMultipleDataExcelSimultaneouslyTest"/>
  <testcase name="dataProviderTest" time="0.002" classname="com.crm.testngpractice.PracticeDataProviderTestNgReadingMultipleDataExcelSimultaneouslyTest"/>
  <testcase name="dataProviderTest" time="0.000" classname="com.crm.testngpractice.PracticeDataProviderTestNgReadingMultipleDataExcelSimultaneouslyTest"/>
  <testcase name="dataProviderTest" time="0.001" classname="com.crm.testngpractice.PracticeDataProviderTestNgReadingMultipleDataExcelSimultaneouslyTest"/>
  <testcase name="dataProviderTest" time="0.001" classname="com.crm.testngpractice.PracticeDataProviderTestNgReadingMultipleDataExcelSimultaneouslyTest"/>
  <testcase name="dataProviderTest" time="0.001" classname="com.crm.testngpractice.PracticeDataProviderTestNgReadingMultipleDataExcelSimultaneouslyTest"/>
  <testcase name="dataProviderTest" time="0.000" classname="com.crm.testngpractice.PracticeDataProviderTestNgReadingMultipleDataExcelSimultaneouslyTest"/>
  <testcase name="dataProviderTest" time="0.005" classname="com.crm.testngpractice.PracticeDataProviderTestNgReadingMultipleDataExcelSimultaneouslyTest"/>
  <testcase name="dataProviderTest" time="0.001" classname="com.crm.testngpractice.PracticeDataProviderTestNgReadingMultipleDataExcelSimultaneouslyTest"/>
  <testcase name="dataProviderTest" time="0.000" classname="com.crm.testngpractice.PracticeDataProviderTestNgReadingMultipleDataExcelSimultaneouslyTest"/>
  <testcase name="dataProviderTest" time="0.001" classname="com.crm.testngpractice.PracticeDataProviderTestNgReadingMultipleDataExcelSimultaneouslyTest"/>
  <testcase name="dataProviderTest" time="0.000" classname="com.crm.testngpractice.PracticeDataProviderTestNgReadingMultipleDataExcelSimultaneouslyTest"/>
  <testcase name="dataProviderTest" time="0.000" classname="com.crm.testngpractice.PracticeDataProviderTestNgReadingMultipleDataExcelSimultaneouslyTest"/>
  <testcase name="dataProviderTest" time="0.001" classname="com.crm.testngpractice.PracticeDataProviderTestNgReadingMultipleDataExcelSimultaneouslyTest"/>
  <testcase name="dataProviderTest" time="0.001" classname="com.crm.testngpractice.PracticeDataProviderTestNgReadingMultipleDataExcelSimultaneouslyTest"/>
</testsuite> <!-- com.crm.testngpractice.PracticeDataProviderTestNgReadingMultipleDataExcelSimultaneouslyTest -->
