<?xml version="1.0" encoding="UTF-8"?>
<!-- Generated by org.testng.reporters.JUnitReportReporter -->
<testsuite skipped="0" hostname="DESKTOP-JFI584D" name="com.crm.testngpractice.PracticeTestNGParametersInvocationCountTest" tests="7" failures="0" timestamp="12 Apr 2022 07:44:01 GMT" time="0.006" errors="0">
  <testcase name="test1" time="0.003" classname="com.crm.testngpractice.PracticeTestNGParametersInvocationCountTest"/>
  <testcase name="test2" time="0.001" classname="com.crm.testngpractice.PracticeTestNGParametersInvocationCountTest"/>
  <testcase name="test2" time="0.000" classname="com.crm.testngpractice.PracticeTestNGParametersInvocationCountTest"/>
  <testcase name="test2" time="0.000" classname="com.crm.testngpractice.PracticeTestNGParametersInvocationCountTest"/>
  <testcase name="test4" time="0.000" classname="com.crm.testngpractice.PracticeTestNGParametersInvocationCountTest"/>
  <testcase name="test3" time="0.001" classname="com.crm.testngpractice.PracticeTestNGParametersInvocationCountTest"/>
  <testcase name="test2" time="0.001" classname="com.crm.testngpractice.PracticeTestNGParametersInvocationCountTest"/>
</testsuite> <!-- com.crm.testngpractice.PracticeTestNGParametersInvocationCountTest -->
